{
  "RSpec": {
    "coverage": {
      "/home/saasbook/Ruby/i42/Project/app/helpers/repairs_helper.rb": [
        1,
        1,
        1,
        null
      ],
      "/home/saasbook/Ruby/i42/Project/app/helpers/sessions_helper.rb": [
        1,
        1,
        1,
        null
      ],
      "/home/saasbook/Ruby/i42/Project/app/helpers/users_helper.rb": [
        1,
        1,
        null,
        1,
        null
      ],
      "/home/saasbook/Ruby/i42/Project/app/models/rental.rb": [
        1,
        1,
        null
      ],
      "/home/saasbook/Ruby/i42/Project/app/models/repair.rb": [
        1,
        1,
        null
      ],
      "/home/saasbook/Ruby/i42/Project/app/controllers/sessions_controller.rb": [
        1,
        1,
        null,
        null,
        null,
        1,
        40,
        null,
        40,
        1,
        1,
        null,
        40,
        39,
        16,
        16,
        16,
        16,
        null,
        23,
        23,
        23,
        null,
        null,
        null,
        null,
        null,
        null,
        1,
        4,
        4,
        4,
        4,
        null,
        null,
        null
      ],
      "/home/saasbook/Ruby/i42/Project/app/controllers/application_controller.rb": [
        1,
        1,
        null
      ],
      "/home/saasbook/Ruby/i42/Project/app/controllers/users_controller.rb": [
        1,
        null,
        null,
        1,
        23,
        null,
        null,
        null,
        null,
        1,
        2,
        null,
        2,
        2,
        2,
        null,
        null,
        null,
        null,
        null,
        1,
        3,
        null,
        3,
        3,
        3,
        null,
        null,
        null,
        null,
        1,
        1,
        null,
        null,
        null,
        null,
        1,
        1,
        null,
        1,
        1,
        1,
        2,
        1,
        null,
        0,
        0,
        null,
        null,
        null,
        null,
        1,
        1,
        null,
        1,
        1,
        2,
        1,
        null,
        0,
        0,
        null,
        null,
        null,
        null,
        1,
        0,
        0,
        0,
        null,
        0,
        null,
        0,
        0,
        0,
        null,
        null,
        null,
        1,
        null,
        16,
        0,
        0,
        null,
        16,
        16,
        16,
        null,
        null,
        null,
        null,
        1,
        null,
        1,
        null,
        1,
        null,
        1,
        null,
        1,
        null,
        null,
        1,
        4,
        4,
        1,
        null,
        null,
        null,
        1,
        null,
        6,
        0,
        0,
        null,
        6,
        6,
        6,
        6,
        null,
        null,
        null,
        null,
        null
      ],
      "/home/saasbook/Ruby/i42/Project/app/controllers/repairs_controller.rb": [
        1,
        null,
        null,
        1,
        5,
        null,
        5,
        5,
        5,
        null,
        null,
        null,
        null,
        null,
        1,
        1,
        null,
        1,
        1,
        1,
        null,
        null,
        null,
        null,
        null,
        1,
        4,
        4,
        4,
        4,
        4,
        null,
        null,
        null,
        null,
        1,
        1,
        1,
        null,
        1,
        1,
        1,
        2,
        1,
        null,
        0,
        0,
        null,
        null,
        null,
        0,
        0,
        null,
        null,
        null,
        null,
        null,
        null,
        null,
        1,
        1,
        1,
        null,
        1,
        2,
        1,
        null,
        null,
        null
      ],
      "/home/saasbook/Ruby/i42/Project/app/controllers/rentals_controller.rb": [
        1,
        null,
        null,
        1,
        0,
        null,
        0,
        0,
        0,
        null,
        null,
        null,
        null,
        null,
        1,
        1,
        null,
        1,
        1,
        2,
        1,
        null,
        0,
        0,
        null,
        null,
        null,
        null,
        1,
        18,
        18,
        null,
        18,
        2,
        0,
        0,
        null,
        2,
        2,
        2,
        null,
        null,
        null,
        16,
        0,
        null,
        16,
        16,
        16,
        null,
        null,
        null,
        null,
        null,
        null,
        null,
        1,
        null,
        0,
        0,
        null,
        0,
        0,
        0,
        null,
        null,
        null,
        null,
        1,
        1,
        null,
        null,
        null,
        null,
        null,
        1,
        0,
        null,
        0,
        0,
        0,
        0,
        null,
        0,
        0,
        null,
        null,
        null,
        null,
        null,
        null
      ]
    },
    "timestamp": 1395375713
  },
  "Cucumber Features": {
    "coverage": {
      "/home/saasbook/Ruby/i42/Project/app/helpers/repairs_helper.rb": [
        1,
        1,
        1,
        null
      ],
      "/home/saasbook/Ruby/i42/Project/app/helpers/sessions_helper.rb": [
        1,
        1,
        1,
        null
      ],
      "/home/saasbook/Ruby/i42/Project/app/helpers/users_helper.rb": [
        1,
        1,
        null,
        1,
        null
      ],
      "/home/saasbook/Ruby/i42/Project/app/controllers/users_controller.rb": [
        1,
        null,
        null,
        1,
        6,
        null,
        null,
        null,
        null,
        1,
        1,
        null,
        1,
        1,
        1,
        null,
        null,
        null,
        null,
        null,
        1,
        2,
        null,
        2,
        2,
        2,
        null,
        null,
        null,
        null,
        1,
        0,
        null,
        null,
        null,
        null,
        1,
        2,
        null,
        2,
        2,
        1,
        2,
        1,
        null,
        2,
        1,
        null,
        null,
        null,
        null,
        1,
        0,
        null,
        0,
        0,
        0,
        0,
        null,
        0,
        0,
        null,
        null,
        null,
        null,
        1,
        0,
        0,
        0,
        null,
        0,
        null,
        0,
        0,
        0,
        null,
        null,
        null,
        1,
        null,
        9,
        1,
        1,
        null,
        8,
        8,
        8,
        null,
        null,
        null,
        null,
        1,
        null,
        1,
        null,
        1,
        null,
        1,
        null,
        1,
        null,
        null,
        1,
        1,
        1,
        0,
        null,
        null,
        null,
        1,
        null,
        3,
        1,
        1,
        null,
        2,
        2,
        2,
        2,
        null,
        null,
        null,
        null,
        null
      ],
      "/home/saasbook/Ruby/i42/Project/app/models/rental.rb": [
        1,
        1,
        null
      ],
      "/home/saasbook/Ruby/i42/Project/app/controllers/rentals_controller.rb": [
        1,
        null,
        null,
        1,
        0,
        null,
        0,
        0,
        0,
        null,
        null,
        null,
        null,
        null,
        1,
        1,
        null,
        1,
        1,
        2,
        1,
        null,
        0,
        0,
        null,
        null,
        null,
        null,
        1,
        4,
        4,
        null,
        4,
        2,
        0,
        0,
        null,
        2,
        2,
        2,
        null,
        null,
        null,
        2,
        1,
        null,
        1,
        1,
        1,
        null,
        null,
        null,
        null,
        null,
        null,
        null,
        1,
        null,
        0,
        0,
        null,
        0,
        0,
        0,
        null,
        null,
        null,
        null,
        1,
        1,
        null,
        null,
        null,
        null,
        null,
        1,
        0,
        null,
        0,
        0,
        0,
        0,
        null,
        0,
        0,
        null,
        null,
        null,
        null,
        null,
        null
      ],
      "/home/saasbook/Ruby/i42/Project/app/models/repair.rb": [
        1,
        1,
        null
      ],
      "/home/saasbook/Ruby/i42/Project/app/controllers/repairs_controller.rb": [
        1,
        null,
        null,
        1,
        3,
        null,
        3,
        3,
        3,
        null,
        null,
        null,
        null,
        null,
        1,
        1,
        null,
        1,
        1,
        1,
        null,
        null,
        null,
        null,
        null,
        1,
        1,
        1,
        1,
        1,
        1,
        null,
        null,
        null,
        null,
        1,
        1,
        1,
        null,
        1,
        1,
        1,
        2,
        1,
        null,
        0,
        0,
        null,
        null,
        null,
        0,
        0,
        null,
        null,
        null,
        null,
        null,
        null,
        null,
        1,
        1,
        1,
        null,
        1,
        2,
        1,
        null,
        null,
        null
      ]
    },
    "timestamp": 1395375792
  }
}
